<?xml version="1.0" encoding="UTF-8"?>
<testsuite name="selnium.java.task.AppTest" tests="1" skipped="0" failures="0" errors="0" timestamp="2022-04-29T16:13:58" hostname="Tejaswinis-MacBook-Pro.local" time="0.002">
  <properties/>
  <testcase name="appHasAGreeting" classname="selnium.java.task.AppTest" time="0.002"/>
  <system-out><![CDATA[]]></system-out>
  <system-err><![CDATA[]]></system-err>
</testsuite>
